#
# A fatal error has been detected by the Java Runtime Environment:
#
#  EXCEPTION_ACCESS_VIOLATION (0xc0000005) at pc=0x0000000004d1e7be, pid=2724, tid=0x00000000000004f8
#
# JRE version: OpenJDK Runtime Environment (8.0_152-b02) (build 1.8.0_152-release-1024-b02)
# Java VM: OpenJDK 64-Bit Server VM (25.152-b02 mixed mode windows-amd64 compressed oops)
# Problematic frame:
# J 956 C2 java.util.LinkedHashMap.newNode(ILjava/lang/Object;Ljava/lang/Object;Ljava/util/HashMap$Node;)Ljava/util/HashMap$Node; (23 bytes) @ 0x0000000004d1e7be [0x0000000004d1e6e0+0xde]
#
# Failed to write core dump. Minidumps are not enabled by default on client versions of Windows
#
# If you would like to submit a bug report, please visit:
#   http://bugreport.java.com/bugreport/crash.jsp
#

---------------  T H R E A D  ---------------

Current thread (0x000000001a75d000):  JavaThread "Daemon worker" [_thread_in_Java, id=1272, stack(0x000000001bf40000,0x000000001c040000)]

siginfo: ExceptionCode=0xc0000005, writing address 0x0000000040000020

Registers:
RAX=0x00000000e2397090, RBX=0x00000000178b26f0, RCX=0x0000000000711bef, RDX=0x00000000e237de58
RSP=0x000000001c03b200, RBP=0x00000000e237de58, RSI=0x0000000000000000, RDI=0x00000000a0571958
R8 =0x0000000013840000, R9 =0x0000000040000000, R10=0x0000000000711bef, R11=0x00000000e2397090
R12=0x0000000000000000, R13=0x0000000000000661, R14=0x0000000013840000, R15=0x000000001a75d000
RIP=0x0000000004d1e7be, EFLAGS=0x0000000000010206

Top of Stack: (sp=0x000000001c03b200)
0x000000001c03b200:   00000000b3ac471f 00000000e238d018
0x000000001c03b210:   00000000a0571958 0000000000000000
0x000000001c03b220:   000000001c03b2e8 000000001ff82fb1
0x000000001c03b230:   00000000e238d018 000000000510894c
0x000000001c03b240:   000000001ff6a0f8 000000001c03b288
0x000000001c03b250:   000000001ff6a368 0000000000000000
0x000000001c03b260:   000000001ff6a110 0000000000000000
0x000000001c03b270:   000000001c03b288 000000001c03b2d8
0x000000001c03b280:   00000000b3ac471f 00000000e237de58
0x000000001c03b290:   00000000e238d018 00000000a0571958
0x000000001c03b2a0:   0000000f00000001 00000000e2397040
0x000000001c03b2b0:   000000001ff83230 0000000000000000
0x000000001c03b2c0:   000000001ff82fd8 0000000000000000
0x000000001c03b2d0:   000000001c03b2f0 00000000e238d018
0x000000001c03b2e0:   00000000e238d018 0000000004c01d24
0x000000001c03b2f0:   00000000e237de58 000000001c03b338 

Instructions: (pc=0x0000000004d1e7be)
0x0000000004d1e79e:   ea 09 41 b8 00 00 84 13 47 88 24 10 44 8b 4d 34
0x0000000004d1e7ae:   4c 8b d5 49 c1 ea 09 47 88 24 10 45 85 c9 74 2e
0x0000000004d1e7be:   45 89 59 20 44 89 48 1c 4d 8b d1 4c 8b c8 49 c1
0x0000000004d1e7ce:   e9 09 47 88 24 08 49 c1 ea 09 47 88 24 10 44 89 


Register to memory mapping:

RAX=0x00000000e2397090 is an oop
java.util.LinkedHashMap$Entry 
 - klass: 'java/util/LinkedHashMap$Entry'
RBX={method} {0x00000000178b26f8} 'newNode' '(ILjava/lang/Object;Ljava/lang/Object;Ljava/util/HashMap$Node;)Ljava/util/HashMap$Node;' in 'java/util/LinkedHashMap'
RCX=0x0000000000711bef is an unknown value
RDX=0x00000000e237de58 is an oop
java.util.LinkedHashMap 
 - klass: 'java/util/LinkedHashMap'
RSP=0x000000001c03b200 is pointing into the stack for thread: 0x000000001a75d000
RBP=0x00000000e237de58 is an oop
java.util.LinkedHashMap 
 - klass: 'java/util/LinkedHashMap'
RSI=0x0000000000000000 is an unknown value
RDI=0x00000000a0571958 is an oop
java.lang.Object 
 - klass: 'java/lang/Object'
R8 =0x0000000013840000 is an unknown value
R9 =0x0000000040000000 is an unknown value
R10=0x0000000000711bef is an unknown value
R11=0x00000000e2397090 is an oop
java.util.LinkedHashMap$Entry 
 - klass: 'java/util/LinkedHashMap$Entry'
R12=0x0000000000000000 is an unknown value
R13=0x0000000000000661 is an unknown value
R14=0x0000000013840000 is an unknown value
R15=0x000000001a75d000 is a thread


Stack: [0x000000001bf40000,0x000000001c040000],  sp=0x000000001c03b200,  free space=1004k
Native frames: (J=compiled Java code, j=interpreted, Vv=VM code, C=native code)
C  0x0000000004d1e7be


---------------  P R O C E S S  ---------------

Java Threads: ( => current thread )
  0x000000001b017800 JavaThread "Cache worker for file hash cache (C:\Users\Pavan\AndroidStudioProjects\REMINDME\.gradle\4.4\fileHashes)" [_thread_blocked, id=64, stack(0x000000001d610000,0x000000001d710000)]
  0x000000001aaf4800 JavaThread "File lock request listener" [_thread_in_native, id=2088, stack(0x000000001c540000,0x000000001c640000)]
  0x000000001a7d3000 JavaThread "Cache worker for file hash cache (C:\Users\Pavan\.gradle\caches\4.4\fileHashes)" [_thread_blocked, id=260, stack(0x000000001c440000,0x000000001c540000)]
  0x000000001a783800 JavaThread "Stdin handler" [_thread_blocked, id=1020, stack(0x000000001c140000,0x000000001c240000)]
  0x000000001a7f7000 JavaThread "Asynchronous log dispatcher for DefaultDaemonConnection: socket connection from /127.0.0.1:2469 to /127.0.0.1:2470" [_thread_blocked, id=536, stack(0x000000001c040000,0x000000001c140000)]
=>0x000000001a75d000 JavaThread "Daemon worker" [_thread_in_Java, id=1272, stack(0x000000001bf40000,0x000000001c040000)]
  0x000000001a757800 JavaThread "Cancel handler" [_thread_blocked, id=1132, stack(0x000000001be40000,0x000000001bf40000)]
  0x000000001a93a800 JavaThread "Handler for socket connection from /127.0.0.1:2469 to /127.0.0.1:2470" [_thread_in_native, id=1124, stack(0x000000001bb40000,0x000000001bc40000)]
  0x000000001a94c800 JavaThread "Daemon" [_thread_blocked, id=3188, stack(0x000000001ba40000,0x000000001bb40000)]
  0x000000001a628000 JavaThread "Daemon periodic checks" [_thread_blocked, id=9980, stack(0x000000001b940000,0x000000001ba40000)]
  0x000000001a626800 JavaThread "Incoming local TCP Connector on port 2469" [_thread_in_native, id=10156, stack(0x000000001b700000,0x000000001b800000)]
  0x00000000180b0800 JavaThread "Service Thread" daemon [_thread_blocked, id=7260, stack(0x00000000193f0000,0x00000000194f0000)]
  0x00000000180a8800 JavaThread "C1 CompilerThread1" daemon [_thread_blocked, id=9784, stack(0x00000000192f0000,0x00000000193f0000)]
  0x00000000180a5800 JavaThread "C2 CompilerThread0" daemon [_thread_in_native, id=1052, stack(0x00000000191f0000,0x00000000192f0000)]
  0x00000000180b4800 JavaThread "Attach Listener" daemon [_thread_blocked, id=3788, stack(0x00000000190f0000,0x00000000191f0000)]
  0x00000000180b1000 JavaThread "Signal Dispatcher" daemon [_thread_blocked, id=2812, stack(0x0000000018ff0000,0x00000000190f0000)]
  0x000000001808f000 JavaThread "Finalizer" daemon [_thread_blocked, id=1864, stack(0x0000000018cf0000,0x0000000018df0000)]
  0x0000000018064800 JavaThread "Reference Handler" daemon [_thread_blocked, id=4964, stack(0x0000000018bf0000,0x0000000018cf0000)]
  0x0000000002f8e000 JavaThread "main" [_thread_blocked, id=3656, stack(0x0000000004780000,0x0000000004880000)]

Other Threads:
  0x000000001805d000 VMThread [stack: 0x0000000018af0000,0x0000000018bf0000] [id=7520]
  0x00000000180b8000 WatcherThread [stack: 0x00000000194f0000,0x00000000195f0000] [id=9520]

VM state:not at safepoint (normal execution)

VM Mutex/Monitor currently owned by a thread: None

Heap:
 PSYoungGen      total 88576K, used 36502K [0x00000000e0000000, 0x00000000ead00000, 0x0000000100000000)
  eden space 81920K, 44% used [0x00000000e0000000,0x00000000e23a58a0,0x00000000e5000000)
  from space 6656K, 0% used [0x00000000e5000000,0x00000000e5000000,0x00000000e5680000)
  to   space 6656K, 0% used [0x00000000ea680000,0x00000000ea680000,0x00000000ead00000)
 ParOldGen       total 79872K, used 12173K [0x00000000a0000000, 0x00000000a4e00000, 0x00000000e0000000)
  object space 79872K, 15% used [0x00000000a0000000,0x00000000a0be3440,0x00000000a4e00000)
 Metaspace       used 24509K, capacity 24928K, committed 25088K, reserved 1071104K
  class space    used 3383K, capacity 3527K, committed 3584K, reserved 1048576K

Card table byte_map: [0x0000000013d40000,0x0000000014050000] byte_map_base: 0x0000000013840000

Marking Bits: (ParMarkBitMap*) 0x0000000060694970
 Begin Bits: [0x0000000014450000, 0x0000000015c50000)
 End Bits:   [0x0000000015c50000, 0x0000000017450000)

Polling page: 0x0000000002f70000

CodeCache: size=245760Kb used=7761Kb max_used=7761Kb free=237998Kb
 bounds [0x0000000004980000, 0x0000000005120000, 0x0000000013980000]
 total_blobs=2603 nmethods=1971 adapters=546
 compilation: enabled

Compilation events (10 events):
Event: 4.205 Thread 0x00000000180a8800 1974       3       java.util.StringTokenizer::<init> (8 bytes)
Event: 4.206 Thread 0x00000000180a8800 nmethod 1974 0x0000000005113950 code [0x0000000005113ac0, 0x0000000005113c48]
Event: 4.206 Thread 0x00000000180a8800 1975       3       org.gradle.internal.logging.slf4j.OutputEventListenerBackedLogger::isDebugEnabled (8 bytes)
Event: 4.206 Thread 0x00000000180a8800 nmethod 1975 0x0000000005113cd0 code [0x0000000005113e60, 0x0000000005114328]
Event: 4.212 Thread 0x00000000180a8800 1976       3       com.google.common.collect.ImmutableMap$Builder::put (35 bytes)
Event: 4.213 Thread 0x00000000180a8800 nmethod 1976 0x00000000051144d0 code [0x0000000005114720, 0x00000000051155b8]
Event: 4.227 Thread 0x00000000180a8800 1977       3       com.google.common.collect.ObjectArrays::checkElementNotNull (33 bytes)
Event: 4.227 Thread 0x00000000180a8800 nmethod 1977 0x0000000005116510 code [0x00000000051166e0, 0x0000000005116ef8]
Event: 4.241 Thread 0x00000000180a8800 1978       3       com.google.common.collect.AbstractIndexedListIterator::hasNext (17 bytes)
Event: 4.241 Thread 0x00000000180a8800 nmethod 1978 0x0000000005117290 code [0x00000000051173e0, 0x0000000005117590]

GC Heap History (8 events):
Event: 1.179 GC heap before
{Heap before GC invocations=1 (full 0):
 PSYoungGen      total 47616K, used 40960K [0x00000000e0000000, 0x00000000e3500000, 0x0000000100000000)
  eden space 40960K, 100% used [0x00000000e0000000,0x00000000e2800000,0x00000000e2800000)
  from space 6656K, 0% used [0x00000000e2e80000,0x00000000e2e80000,0x00000000e3500000)
  to   space 6656K, 0% used [0x00000000e2800000,0x00000000e2800000,0x00000000e2e80000)
 ParOldGen       total 109568K, used 0K [0x00000000a0000000, 0x00000000a6b00000, 0x00000000e0000000)
  object space 109568K, 0% used [0x00000000a0000000,0x00000000a0000000,0x00000000a6b00000)
 Metaspace       used 7004K, capacity 7174K, committed 7424K, reserved 1056768K
  class space    used 853K, capacity 947K, committed 1024K, reserved 1048576K
Event: 1.192 GC heap after
Heap after GC invocations=1 (full 0):
 PSYoungGen      total 47616K, used 4861K [0x00000000e0000000, 0x00000000e5d00000, 0x0000000100000000)
  eden space 40960K, 0% used [0x00000000e0000000,0x00000000e0000000,0x00000000e2800000)
  from space 6656K, 73% used [0x00000000e2800000,0x00000000e2cbf640,0x00000000e2e80000)
  to   space 6656K, 0% used [0x00000000e5680000,0x00000000e5680000,0x00000000e5d00000)
 ParOldGen       total 109568K, used 8K [0x00000000a0000000, 0x00000000a6b00000, 0x00000000e0000000)
  object space 109568K, 0% used [0x00000000a0000000,0x00000000a0002000,0x00000000a6b00000)
 Metaspace       used 7004K, capacity 7174K, committed 7424K, reserved 1056768K
  class space    used 853K, capacity 947K, committed 1024K, reserved 1048576K
}
Event: 2.262 GC heap before
{Heap before GC invocations=2 (full 0):
 PSYoungGen      total 47616K, used 45821K [0x00000000e0000000, 0x00000000e5d00000, 0x0000000100000000)
  eden space 40960K, 100% used [0x00000000e0000000,0x00000000e2800000,0x00000000e2800000)
  from space 6656K, 73% used [0x00000000e2800000,0x00000000e2cbf640,0x00000000e2e80000)
  to   space 6656K, 0% used [0x00000000e5680000,0x00000000e5680000,0x00000000e5d00000)
 ParOldGen       total 109568K, used 8K [0x00000000a0000000, 0x00000000a6b00000, 0x00000000e0000000)
  object space 109568K, 0% used [0x00000000a0000000,0x00000000a0002000,0x00000000a6b00000)
 Metaspace       used 12917K, capacity 13266K, committed 13440K, reserved 1060864K
  class space    used 1749K, capacity 1897K, committed 1920K, reserved 1048576K
Event: 2.292 GC heap after
Heap after GC invocations=2 (full 0):
 PSYoungGen      total 88576K, used 6634K [0x00000000e0000000, 0x00000000e5d00000, 0x0000000100000000)
  eden space 81920K, 0% used [0x00000000e0000000,0x00000000e0000000,0x00000000e5000000)
  from space 6656K, 99% used [0x00000000e5680000,0x00000000e5cfa9f8,0x00000000e5d00000)
  to   space 6656K, 0% used [0x00000000e5000000,0x00000000e5000000,0x00000000e5680000)
 ParOldGen       total 109568K, used 88K [0x00000000a0000000, 0x00000000a6b00000, 0x00000000e0000000)
  object space 109568K, 0% used [0x00000000a0000000,0x00000000a0016000,0x00000000a6b00000)
 Metaspace       used 12917K, capacity 13266K, committed 13440K, reserved 1060864K
  class space    used 1749K, capacity 1897K, committed 1920K, reserved 1048576K
}
Event: 3.497 GC heap before
{Heap before GC invocations=3 (full 0):
 PSYoungGen      total 88576K, used 72031K [0x00000000e0000000, 0x00000000e5d00000, 0x0000000100000000)
  eden space 81920K, 79% used [0x00000000e0000000,0x00000000e3fdd458,0x00000000e5000000)
  from space 6656K, 99% used [0x00000000e5680000,0x00000000e5cfa9f8,0x00000000e5d00000)
  to   space 6656K, 0% used [0x00000000e5000000,0x00000000e5000000,0x00000000e5680000)
 ParOldGen       total 109568K, used 88K [0x00000000a0000000, 0x00000000a6b00000, 0x00000000e0000000)
  object space 109568K, 0% used [0x00000000a0000000,0x00000000a0016000,0x00000000a6b00000)
 Metaspace       used 20843K, capacity 21200K, committed 21248K, reserved 1067008K
  class space    used 2901K, capacity 3038K, committed 3072K, reserved 1048576K
Event: 3.514 GC heap after
Heap after GC invocations=3 (full 0):
 PSYoungGen      total 88576K, used 6640K [0x00000000e0000000, 0x00000000ead00000, 0x0000000100000000)
  eden space 81920K, 0% used [0x00000000e0000000,0x00000000e0000000,0x00000000e5000000)
  from space 6656K, 99% used [0x00000000e5000000,0x00000000e567c040,0x00000000e5680000)
  to   space 6656K, 0% used [0x00000000ea680000,0x00000000ea680000,0x00000000ead00000)
 ParOldGen       total 109568K, used 6021K [0x00000000a0000000, 0x00000000a6b00000, 0x00000000e0000000)
  object space 109568K, 5% used [0x00000000a0000000,0x00000000a05e1660,0x00000000a6b00000)
 Metaspace       used 20843K, capacity 21200K, committed 21248K, reserved 1067008K
  class space    used 2901K, capacity 3038K, committed 3072K, reserved 1048576K
}
Event: 3.514 GC heap before
{Heap before GC invocations=4 (full 1):
 PSYoungGen      total 88576K, used 6640K [0x00000000e0000000, 0x00000000ead00000, 0x0000000100000000)
  eden space 81920K, 0% used [0x00000000e0000000,0x00000000e0000000,0x00000000e5000000)
  from space 6656K, 99% used [0x00000000e5000000,0x00000000e567c040,0x00000000e5680000)
  to   space 6656K, 0% used [0x00000000ea680000,0x00000000ea680000,0x00000000ead00000)
 ParOldGen       total 109568K, used 6021K [0x00000000a0000000, 0x00000000a6b00000, 0x00000000e0000000)
  object space 109568K, 5% used [0x00000000a0000000,0x00000000a05e1660,0x00000000a6b00000)
 Metaspace       used 20843K, capacity 21200K, committed 21248K, reserved 1067008K
  class space    used 2901K, capacity 3038K, committed 3072K, reserved 1048576K
Event: 3.574 GC heap after
Heap after GC invocations=4 (full 1):
 PSYoungGen      total 88576K, used 0K [0x00000000e0000000, 0x00000000ead00000, 0x0000000100000000)
  eden space 81920K, 0% used [0x00000000e0000000,0x00000000e0000000,0x00000000e5000000)
  from space 6656K, 0% used [0x00000000e5000000,0x00000000e5000000,0x00000000e5680000)
  to   space 6656K, 0% used [0x00000000ea680000,0x00000000ea680000,0x00000000ead00000)
 ParOldGen       total 79872K, used 12173K [0x00000000a0000000, 0x00000000a4e00000, 0x00000000e0000000)
  object space 79872K, 15% used [0x00000000a0000000,0x00000000a0be3440,0x00000000a4e00000)
 Metaspace       used 20843K, capacity 21200K, committed 21248K, reserved 1067008K
  class space    used 2901K, capacity 3038K, committed 3072K, reserved 1048576K
}

Deoptimization events (10 events):
Event: 3.716 Thread 0x000000001a75d000 Uncommon trap: reason=unstable_if action=reinterpret pc=0x0000000004f84508 method=java.lang.ClassLoader.getClassLoadingLock(Ljava/lang/String;)Ljava/lang/Object; @ 6
Event: 3.746 Thread 0x000000001a75d000 Uncommon trap: reason=class_check action=maybe_recompile pc=0x0000000004b48af4 method=sun.misc.URLClassPath.getLoader(I)Lsun/misc/URLClassPath$Loader; @ 239
Event: 3.773 Thread 0x000000001a75d000 Uncommon trap: reason=class_check action=maybe_recompile pc=0x0000000004b48af4 method=sun.misc.URLClassPath.getLoader(I)Lsun/misc/URLClassPath$Loader; @ 239
Event: 4.011 Thread 0x000000001a75d000 Uncommon trap: reason=unstable_if action=reinterpret pc=0x0000000004db0b60 method=java.util.HashMap.hash(Ljava/lang/Object;)I @ 1
Event: 4.011 Thread 0x000000001a75d000 Uncommon trap: reason=unstable_if action=reinterpret pc=0x0000000004c9c0e8 method=java.util.HashMap.hash(Ljava/lang/Object;)I @ 1
Event: 4.100 Thread 0x000000001a75d000 Uncommon trap: reason=unstable_if action=reinterpret pc=0x0000000004d982fc method=java.util.HashMap.getNode(ILjava/lang/Object;)Ljava/util/HashMap$Node; @ 53
Event: 4.100 Thread 0x000000001a75d000 Uncommon trap: reason=unstable_if action=reinterpret pc=0x0000000004bff5f0 method=java.util.HashMap.hash(Ljava/lang/Object;)I @ 1
Event: 4.100 Thread 0x000000001a75d000 Uncommon trap: reason=unstable_if action=reinterpret pc=0x0000000004ed8de0 method=java.util.HashMap.putVal(ILjava/lang/Object;Ljava/lang/Object;ZZ)Ljava/lang/Object; @ 85
Event: 4.156 Thread 0x000000001a75d000 Uncommon trap: reason=class_check action=maybe_recompile pc=0x0000000004f31780 method=java.lang.reflect.Method.equals(Ljava/lang/Object;)Z @ 5
Event: 4.160 Thread 0x000000001a75d000 Uncommon trap: reason=class_check action=maybe_recompile pc=0x0000000004f31780 method=java.lang.reflect.Method.equals(Ljava/lang/Object;)Z @ 5

Classes redefined (0 events):
No events

Internal exceptions (10 events):
Event: 3.854 Thread 0x000000001a75d000 Exception <a 'java/lang/ClassNotFoundException': org/gradle/api/internal/project/AbstractPluginAwareCustomizer> (0x00000000e0e23938) thrown at [D:\src\AOSP-openjdk-cygwin\jdk8u\hotspot\src\share\vm\classfile\systemDictionary.cpp, line 210]
Event: 3.856 Thread 0x000000001a75d000 Exception <a 'java/lang/ClassNotFoundException': org/gradle/initialization/DefaultSettingsCustomizer> (0x00000000e0e4f6e8) thrown at [D:\src\AOSP-openjdk-cygwin\jdk8u\hotspot\src\share\vm\classfile\systemDictionary.cpp, line 210]
Event: 3.868 Thread 0x000000001a75d000 Exception <a 'java/lang/ClassNotFoundException': org/gradle/initialization/DefaultSettings_DecoratedCustomizer> (0x00000000e0eab708) thrown at [D:\src\AOSP-openjdk-cygwin\jdk8u\hotspot\src\share\vm\classfile\systemDictionary.cpp, line 210]
Event: 3.891 Thread 0x000000001a75d000 Exception <a 'java/lang/NoSuchMethodError': <clinit>> (0x00000000e0f5f708) thrown at [D:\src\AOSP-openjdk-cygwin\jdk8u\hotspot\src\share\vm\prims\jni.cpp, line 1613]
Event: 3.893 Thread 0x000000001a75d000 Exception <a 'java/lang/NoSuchMethodError': <clinit>> (0x00000000e0f84f90) thrown at [D:\src\AOSP-openjdk-cygwin\jdk8u\hotspot\src\share\vm\prims\jni.cpp, line 1613]
Event: 3.893 Thread 0x000000001a75d000 Exception <a 'java/lang/NoSuchMethodError': <clinit>> (0x00000000e0f86448) thrown at [D:\src\AOSP-openjdk-cygwin\jdk8u\hotspot\src\share\vm\prims\jni.cpp, line 1613]
Event: 3.893 Thread 0x000000001a75d000 Exception <a 'java/lang/NoSuchMethodError': <clinit>> (0x00000000e0f881a8) thrown at [D:\src\AOSP-openjdk-cygwin\jdk8u\hotspot\src\share\vm\prims\jni.cpp, line 1613]
Event: 4.011 Thread 0x000000001a75d000 Implicit null exception at 0x0000000004db0955 to 0x0000000004db0b51
Event: 4.011 Thread 0x000000001a75d000 Implicit null exception at 0x0000000004c9c06f to 0x0000000004c9c0d9
Event: 4.100 Thread 0x000000001a75d000 Implicit null exception at 0x0000000004bff558 to 0x0000000004bff5e6

Events (10 events):
Event: 4.240 loading class com/google/common/collect/Collections2$FilteredCollection
Event: 4.240 loading class com/google/common/collect/Collections2$FilteredCollection done
Event: 4.241 loading class org/gradle/model/internal/manage/schema/extract/StructSchemaExtractionStrategySupport$2
Event: 4.241 loading class org/gradle/model/internal/manage/schema/extract/StructSchemaExtractionStrategySupport$2 done
Event: 4.242 loading class org/gradle/model/internal/manage/schema/extract/StructSchemaExtractionStrategySupport$3
Event: 4.242 loading class org/gradle/model/internal/manage/schema/extract/StructSchemaExtractionStrategySupport$3 done
Event: 4.242 loading class org/gradle/model/internal/method/WeaklyTypeReferencingMethod
Event: 4.242 loading class org/gradle/model/internal/method/WeaklyTypeReferencingMethod done
Event: 4.244 loading class org/gradle/model/internal/method/WeaklyTypeReferencingMethod$1
Event: 4.244 loading class org/gradle/model/internal/method/WeaklyTypeReferencingMethod$1 done


Dynamic libraries:
0x00007ff61d440000 - 0x00007ff61d471000 	C:\Program Files\Android\Android Studio\jre\bin\java.exe
0x00007ffd3ade0000 - 0x00007ffd3afc0000 	C:\WINDOWS\SYSTEM32\ntdll.dll
0x00007ffd383d0000 - 0x00007ffd3847e000 	C:\WINDOWS\System32\KERNEL32.DLL
0x00007ffd371e0000 - 0x00007ffd37446000 	C:\WINDOWS\System32\KERNELBASE.dll
0x00007ffd388d0000 - 0x00007ffd38971000 	C:\WINDOWS\System32\ADVAPI32.dll
0x00007ffd38b00000 - 0x00007ffd38b9d000 	C:\WINDOWS\System32\msvcrt.dll
0x00007ffd3a4d0000 - 0x00007ffd3a52b000 	C:\WINDOWS\System32\sechost.dll
0x00007ffd38610000 - 0x00007ffd3872f000 	C:\WINDOWS\System32\RPCRT4.dll
0x00007ffd38480000 - 0x00007ffd3860e000 	C:\WINDOWS\System32\USER32.dll
0x00007ffd38020000 - 0x00007ffd38040000 	C:\WINDOWS\System32\win32u.dll
0x00007ffd38ad0000 - 0x00007ffd38af8000 	C:\WINDOWS\System32\GDI32.dll
0x00007ffd37680000 - 0x00007ffd37811000 	C:\WINDOWS\System32\gdi32full.dll
0x00007ffd38210000 - 0x00007ffd382ab000 	C:\WINDOWS\System32\msvcp_win.dll
0x00007ffd37450000 - 0x00007ffd37546000 	C:\WINDOWS\System32\ucrtbase.dll
0x00007ffd2e3d0000 - 0x00007ffd2e639000 	C:\WINDOWS\WinSxS\amd64_microsoft.windows.common-controls_6595b64144ccf1df_6.0.16299.15_none_cc92fb402215d91d\COMCTL32.dll
0x00007ffd3a530000 - 0x00007ffd3a838000 	C:\WINDOWS\System32\combase.dll
0x00007ffd37600000 - 0x00007ffd37672000 	C:\WINDOWS\System32\bcryptPrimitives.dll
0x00007ffd38e10000 - 0x00007ffd38e3d000 	C:\WINDOWS\System32\IMM32.DLL
0x000000005fd10000 - 0x000000005fde2000 	C:\Program Files\Android\Android Studio\jre\jre\bin\msvcr100.dll
0x000000005fed0000 - 0x000000006070f000 	C:\Program Files\Android\Android Studio\jre\jre\bin\server\jvm.dll
0x00007ffd38fb0000 - 0x00007ffd38fb8000 	C:\WINDOWS\System32\PSAPI.DLL
0x00007ffd35220000 - 0x00007ffd35243000 	C:\WINDOWS\SYSTEM32\WINMM.dll
0x00007ffd35780000 - 0x00007ffd3578a000 	C:\WINDOWS\SYSTEM32\VERSION.dll
0x00007ffd1f8f0000 - 0x00007ffd1f8f9000 	C:\WINDOWS\SYSTEM32\WSOCK32.dll
0x00007ffd38fc0000 - 0x00007ffd3902c000 	C:\WINDOWS\System32\WS2_32.dll
0x00007ffd351c0000 - 0x00007ffd351ea000 	C:\WINDOWS\SYSTEM32\WINMMBASE.dll
0x00007ffd37fd0000 - 0x00007ffd3801a000 	C:\WINDOWS\System32\cfgmgr32.dll
0x00007ffd1c030000 - 0x00007ffd1c03f000 	C:\Program Files\Android\Android Studio\jre\jre\bin\verify.dll
0x00007ffd1a530000 - 0x00007ffd1a559000 	C:\Program Files\Android\Android Studio\jre\jre\bin\java.dll
0x00007ffd14db0000 - 0x00007ffd14dc6000 	C:\Program Files\Android\Android Studio\jre\jre\bin\zip.dll
0x00007ffd39090000 - 0x00007ffd3a4c7000 	C:\WINDOWS\System32\SHELL32.dll
0x00007ffd38ba0000 - 0x00007ffd38c46000 	C:\WINDOWS\System32\shcore.dll
0x00007ffd37820000 - 0x00007ffd37f67000 	C:\WINDOWS\System32\windows.storage.dll
0x00007ffd38350000 - 0x00007ffd383a1000 	C:\WINDOWS\System32\shlwapi.dll
0x00007ffd37130000 - 0x00007ffd37141000 	C:\WINDOWS\System32\kernel.appcore.dll
0x00007ffd37150000 - 0x00007ffd3719c000 	C:\WINDOWS\System32\powrprof.dll
0x00007ffd371a0000 - 0x00007ffd371bb000 	C:\WINDOWS\System32\profapi.dll
0x00007ffd139b0000 - 0x00007ffd139ca000 	C:\Program Files\Android\Android Studio\jre\jre\bin\net.dll
0x00007ffd369c0000 - 0x00007ffd36a26000 	C:\WINDOWS\system32\mswsock.dll
0x00007ffd12880000 - 0x00007ffd12891000 	C:\Program Files\Android\Android Studio\jre\jre\bin\nio.dll
0x00007ffd20440000 - 0x00007ffd2045e000 	C:\Users\Pavan\.gradle\native\25\windows-amd64\native-platform.dll
0x00007ffd1c020000 - 0x00007ffd1c02d000 	C:\Program Files\Android\Android Studio\jre\jre\bin\management.dll
0x00007ffd36b80000 - 0x00007ffd36b97000 	C:\WINDOWS\SYSTEM32\CRYPTSP.dll
0x00007ffd365d0000 - 0x00007ffd36603000 	C:\WINDOWS\system32\rsaenh.dll
0x00007ffd36c90000 - 0x00007ffd36cb5000 	C:\WINDOWS\SYSTEM32\bcrypt.dll
0x00007ffd37060000 - 0x00007ffd37089000 	C:\WINDOWS\SYSTEM32\USERENV.dll
0x00007ffd36ba0000 - 0x00007ffd36bab000 	C:\WINDOWS\SYSTEM32\CRYPTBASE.dll
0x00007ffd36750000 - 0x00007ffd36789000 	C:\WINDOWS\SYSTEM32\IPHLPAPI.DLL
0x00007ffd38c50000 - 0x00007ffd38c58000 	C:\WINDOWS\System32\NSI.dll
0x00007ffd30860000 - 0x00007ffd30876000 	C:\WINDOWS\SYSTEM32\dhcpcsvc6.DLL
0x00007ffd30ac0000 - 0x00007ffd30ada000 	C:\WINDOWS\SYSTEM32\dhcpcsvc.DLL
0x00007ffd301b0000 - 0x00007ffd30378000 	C:\WINDOWS\SYSTEM32\dbghelp.dll

VM Arguments:
jvm_args: -Xmx1536m -Dfile.encoding=windows-1252 -Duser.country=GB -Duser.language=en -Duser.variant 
java_command: org.gradle.launcher.daemon.bootstrap.GradleDaemon 4.4
java_class_path (initial): C:\Users\Pavan\.gradle\wrapper\dists\gradle-4.4-all\9br9xq1tocpiv8o6njlyu5op1\gradle-4.4\lib\gradle-launcher-4.4.jar
Launcher Type: SUN_STANDARD

Environment Variables:
PATH=C:\ProgramData\Oracle\Java\javapath;C:\Program Files (x86)\NVIDIA Corporation\PhysX\Common;C:\Program Files (x86)\Intel\iCLS Client\;C:\Program Files\Intel\iCLS Client\;C:\WINDOWS\system32;C:\WINDOWS;C:\WINDOWS\System32\Wbem;C:\WINDOWS\System32\WindowsPowerShell\v1.0\;C:\Program Files\Intel\Intel(R) Management Engine Components\DAL;C:\Program Files\Intel\Intel(R) Management Engine Components\IPT;C:\Program Files (x86)\Intel\Intel(R) Management Engine Components\DAL;C:\Program Files (x86)\Intel\Intel(R) Management Engine Components\IPT;C:\Users\Pavan\AppData\Local\Programs\Python\Python37-32\Scripts\;C:\Users\Pavan\AppData\Local\Programs\Python\Python37-32\;C:\Users\Pavan\AppData\Local\Programs\Python\Launcher\;C:\Users\Pavan\AppData\Local\Microsoft\WindowsApps;
USERNAME=Pavan
OS=Windows_NT
PROCESSOR_IDENTIFIER=Intel64 Family 6 Model 42 Stepping 7, GenuineIntel



---------------  S Y S T E M  ---------------

OS: Windows 10.0 , 64 bit Build 16299 (10.0.16299.15)

CPU:total 2 (initial active 2) (2 cores per cpu, 1 threads per core) family 6 model 42 stepping 7, cmov, cx8, fxsr, mmx, sse, sse2, sse3, ssse3, sse4.1, sse4.2, popcnt, clmul, tsc, tscinvbit

Memory: 4k page, physical 10429916k(6023012k free), swap 20859832k(16312740k free)

vm_info: OpenJDK 64-Bit Server VM (25.152-b02) for windows-amd64 JRE (1.8.0_152-release-1024-b02), built by "builder" with MS VC++ 10.0 (VS2010)

time: Tue Sep 04 23:04:53 2018
elapsed time: 4 seconds (0d 0h 0m 4s)

